FINAL Frequency Range
-81.08001120465543--78.11571652619088
-81.60214050142854--78.16917979687638
-85.45434849221773--76.98417842069098
-82.7831350842202--77.9452212827848
-74.96227025333344--77.99075849720575
-76.01795981585936--86.47293468236646
-80.59752585659635--77.08674773851574
-77.18918597595936--73.71783721100961
-84.13128687468617--78.87867551877025
-78.16613778962827--76.39987066624315


FINAL Tempo
-7.361526659295686
-4.300662950159325
-6.246056889845211
-5.018809484266816
-7.706438804627229
-2.942685248723316
-0.29954583190865625
-8.106142967315993
-4.764671612391748
-0.7293068387569258


FINAL EFFICIENCY RATE
0.6651045010150266
0.5642667832876103
0.74739299419621
0.5664497858319192
0.5743068031588213
0.6486318215560312
0.5674320080191143
0.5082207160426683
0.5452236039591035
0.67044669135978
0.7327171974896352
0.5766623543427041
0.6570555661693189
0.697702079529159
0.6372453452584342
0.6063750061048792
0.5694914054488579
0.7633915250747131
0.589986244515605
0.6564464838882044
0.6218277393074112
0.584708954741982
0.7058613214937893
0.5806914288528081
0.5635001444140217
0.4973961020337079
0.7314095354290778
0.5805962559341243
0.6274987948930276
0.7964511790381744
0.7247236959952891
0.7505482626530428
0.7076563430924261
0.6184794616965897
0.649264547024704
0.7090267761095287
0.7412501997367221
0.6516558498657382
0.6082843809702969
0.7011135693885112
0.6182356196854172
0.6333788444520829
0.69137639036786
0.5346991386733644
0.7407604670444828
0.6709847523438747
0.5714302072373731
0.7162409089961567
0.7887668529581613
0.5959202564563627
0.5801386054725785
0.5796287047332515
0.5852992736746313
0.7050209927729119
0.6489246132279423
0.671552171359767
0.7640531530716109
0.6618530013627542
0.5148626616868125
0.5652243872166444
0.5365921963146576
0.7378033677340846
0.6695318330487158
0.7730750695690993
0.6941772062937974
0.6576357855213095
0.5908436321093012
0.6108862637067828
0.6948035106425737
0.6823560169775307
0.7195709808744344
0.6783228077026885
0.5969584160769502
0.4934617927296149
0.7432496500922773
0.5186291178421589
0.6620245677921641
0.5315408445413546
0.5496876597654543
0.5688633526807177
0.6197294015725203
0.6896903444834053
0.735782503844828
0.7286993409084713
0.5274152908586311
0.6722002520705808
0.5333505052021623
0.7224658971645019
0.707939344530122
0.7752925367967807
0.6258969790365149
0.5751528070104293
0.7398262262037325
0.6670375721954781
0.6996601776335521
0.6025119153494941
0.712571645340238
0.4943583936710443
0.5426864371709332
0.5729210818266676
0.5833286901559118
0.6261228474042597
0.7776183443320683
0.739478451104291
0.5051634175950092
0.5152731017982265
0.5954620297489431
0.5787735112203056
0.7232405217722251
0.7086313347975984
0.7334840982998841
0.6753009611523481
0.6661743535526564
0.6944497161218882
0.7555331995607063
0.6239428073101482
0.5611148664099751
0.6952623242099417
0.6318053574035847
0.5695833804483545
0.5740523768265448
0.6010658967261628
0.6853768602809266
0.5824214358367473
0.6454796230692876
0.666025684231382
0.5155126852024765
0.712222793638488
0.7849036671222122
0.6858921871771472
0.7589827806177395
0.5910964309398631
0.5929549034122268
0.5974437181171247
0.7071831368386495
0.5372562583585275
0.7934744894557029
0.6313793100870195
0.628682676871038
0.5895701466649832
0.7226961392391542
0.7500157647033745
0.6927815157355928
0.4893773159457141
0.6842324173161546
0.6878519675421181
0.6036905582752591
0.5646343347612884
0.570150214885705
0.5963131110245167
0.6165466031746177
0.568649588886413
0.5571742938909646
0.5691366944967918
0.5518217239018128
0.7360452069429835
0.5467522414798899
0.661991642676197
0.6468898488585298
0.6587850863537056
0.5555486413180093
0.678551218294159
0.7208180152009606
0.5520867928844869
0.7553903896676185
0.600969772560033
0.678134033619897
0.723394609465579
0.7391598217571188
0.5224228255663332
0.7545867528893929
0.6682103168520401
0.6941862895374962
0.5685791647918979
0.5594793794372219
0.6491778308067396
0.519081571892125
0.7009433003062469
0.7270208936607516
0.6105168594433849
0.7003385758722401
0.6926557079923118
0.6846646333229829
0.5292605304294733
0.651367377443123
0.5344878488428814
0.7749479240359924
0.6189709860391946
0.6921769403199256
0.5924582785684412
0.6572305908007015
0.6443664595507334
0.7263851461408942
0.5692855271369077
0.5189548982421605
0.6233127677253696
0.6000543408675412
0.6794627674847573
0.7214935941609867
0.561271359331663


8.99091978680405
8.98449788582791
8.961701990115374
9.111858823025619
8.971120435463664
9.112980446327908
8.981539771622227
8.980394419433132
9.265428198199665
9.176836794022208
9.18774107029361
9.168446523072538
9.117411559463594
9.078527487581953
8.876853988135395
9.198188176701846
9.08381556971965
8.867929860938785
9.088419393048568
9.21723001473112
9.006420271230095
8.94503708277686
8.672023306012921
9.155415569191485
9.021208825643953
9.023747393271616
9.033606406201027
8.772475433637586
9.026447465840116
8.822283190912199
8.910451716156865
9.06352800465779
8.87808621249748
9.092630347684365
9.346474246818905
9.022425568200674
9.370107316302715
9.156983888252196
8.839310588940597
9.343240079464454
9.215747607115249
8.869000496414644
8.991067260999428
9.118558558358469
9.221640677824118
9.234442388773726
8.613969851612286
9.342977512897493
9.271465339994629
9.202632373964647
